FXC : warning X4717: Effects deprecated for D3DCompiler_47
  
  compilation object save succeeded; see D:\1. GameProject\DirectX11_Practice2D\Client\Bin\Shader_VtxAnimModel.cso
FXC : warning X4717: Effects deprecated for D3DCompiler_47
  
  compilation object save succeeded; see D:\1. GameProject\DirectX11_Practice2D\Client\Bin\Shader_VtxCube.cso
FXC : warning X4717: Effects deprecated for D3DCompiler_47
  
  compilation object save succeeded; see D:\1. GameProject\DirectX11_Practice2D\Client\Bin\Shader_VtxInstance.cso
FXC : warning X4717: Effects deprecated for D3DCompiler_47
  
  compilation object save succeeded; see D:\1. GameProject\DirectX11_Practice2D\Client\Bin\Shader_VtxModel.cso
FXC : warning X4717: Effects deprecated for D3DCompiler_47
  
  compilation object save succeeded; see D:\1. GameProject\DirectX11_Practice2D\Client\Bin\Shader_VtxNorTex.cso
FXC : warning X4717: Effects deprecated for D3DCompiler_47
  
  compilation object save succeeded; see D:\1. GameProject\DirectX11_Practice2D\Client\Bin\Shader_VtxPointInstance.cso
FXC : warning X4717: Effects deprecated for D3DCompiler_47
  
  compilation object save succeeded; see D:\1. GameProject\DirectX11_Practice2D\Client\Bin\Shader_Vtxtex.cso
  BackGround.cpp
  Camera_Dynamic.cpp
  Command.cpp
  Environment.cpp
  GrimReaper.cpp
  InputHandler.cpp
D:\1. GameProject\DirectX11_Practice2D\Client\Private\GrimReaper.cpp(3,10): error C1083: 포함 파일을 열 수 없습니다. 'PlayerInfo.h': No such file or directory
  (소스 파일 '/Private/GrimReaper.cpp'을(를) 컴파일하는 중)
  
D:\1. GameProject\DirectX11_Practice2D\Client\Private\InputHandler.cpp(5,10): error C1083: 포함 파일을 열 수 없습니다. 'PlayerInfo.h': No such file or directory
  (소스 파일 '/Private/InputHandler.cpp'을(를) 컴파일하는 중)
  
  Level_GamePlay.cpp
  Level_Loading.cpp
  Level_Logo.cpp
D:\1. GameProject\DirectX11_Practice2D\Client\private\Level_Logo.cpp(7,10): error C1083: 포함 파일을 열 수 없습니다. 'PlayerInfo.h': No such file or directory
  (소스 파일 '/private/Level_Logo.cpp'을(를) 컴파일하는 중)
  
  LittleBorn.cpp
  Loader.cpp
D:\1. GameProject\DirectX11_Practice2D\Reference\Headers\ColliderAABB2D.h(9,49): warning C4275: DLL 인터페이스가 아닌 class 'Engine::CCollider'이(가) DLL 인터페이스 class 'Engine::CColliderAABB2D'의 기본으로 사용되었습니다.
  (소스 파일 '/private/Loader.cpp'을(를) 컴파일하는 중)
      D:\1. GameProject\DirectX11_Practice2D\Reference\Headers\Collider.h(14,7):
      'Engine::CCollider' 선언을 참조하십시오.
      D:\1. GameProject\DirectX11_Practice2D\Reference\Headers\ColliderAABB2D.h(9,18):
      'Engine::CColliderAABB2D' 선언을 참조하십시오.
  
  MainApp.cpp
D:\1. GameProject\DirectX11_Practice2D\Client\Private\MainApp.cpp(6,10): error C1083: 포함 파일을 열 수 없습니다. 'PlayerInfo.h': No such file or directory
  (소스 파일 '/Private/MainApp.cpp'을(를) 컴파일하는 중)
  
  PlayerAtk.cpp
  PlayerDash.cpp
  PlayerIdle.cpp
  PlayerJump.cpp
D:\1. GameProject\DirectX11_Practice2D\Client\Private\PlayerJump.cpp(147,16): warning C4244: '초기화 중': 'Engine::_double'에서 'Engine::_float'(으)로 변환하면서 데이터가 손실될 수 있습니다.
  (소스 파일 '/Private/PlayerJump.cpp'을(를) 컴파일하는 중)
  
D:\1. GameProject\DirectX11_Practice2D\Client\Private\PlayerJump.cpp(174,19): warning C4244: '초기화 중': 'Engine::_double'에서 'Engine::_float'(으)로 변환하면서 데이터가 손실될 수 있습니다.
  (소스 파일 '/Private/PlayerJump.cpp'을(를) 컴파일하는 중)
  
  PlayerWalk.cpp
  State.cpp
  Player.cpp
  Player_Manager.cpp
D:\1. GameProject\DirectX11_Practice2D\Client\Private\Player_Manager.cpp(4,1): error C2143: 구문 오류: ';'이(가) '*' 앞에 없습니다.
  (소스 파일 '/Private/Player_Manager.cpp'을(를) 컴파일하는 중)
  
D:\1. GameProject\DirectX11_Practice2D\Client\Private\Player_Manager.cpp(4,1): error C4430: 형식 지정자가 없습니다. int로 가정합니다. 참고: C++에서는 기본 int를 지원하지 않습니다.
  (소스 파일 '/Private/Player_Manager.cpp'을(를) 컴파일하는 중)
  
D:\1. GameProject\DirectX11_Practice2D\Client\Private\Player_Manager.cpp(4,1): error C2825: 'CCPlayer_Manager': '::'가 뒤에 나오면 클래스 또는 네임스페이스여야 합니다.
  (소스 파일 '/Private/Player_Manager.cpp'을(를) 컴파일하는 중)
  
D:\1. GameProject\DirectX11_Practice2D\Client\Private\Player_Manager.cpp(4,1): error C2510: 'CCPlayer_Manager': '::' 왼쪽은 클래스/구조체/공용 구조체이어야 합니다.
  (소스 파일 '/Private/Player_Manager.cpp'을(를) 컴파일하는 중)
  
D:\1. GameProject\DirectX11_Practice2D\Client\Private\Player_Manager.cpp(4,1): error C2086: 'int CCPlayer_Manager': 재정의
  (소스 파일 '/Private/Player_Manager.cpp'을(를) 컴파일하는 중)
      D:\1. GameProject\DirectX11_Practice2D\Client\Private\Player_Manager.cpp(4,1):
      'CCPlayer_Manager' 선언을 참조하십시오.
  
D:\1. GameProject\DirectX11_Practice2D\Client\Private\Player_Manager.cpp(4,1): error C2059: 구문 오류: '{'
  (소스 파일 '/Private/Player_Manager.cpp'을(를) 컴파일하는 중)
  
D:\1. GameProject\DirectX11_Practice2D\Client\Private\Player_Manager.cpp(4,1): error C2143: 구문 오류: ';'이(가) '{' 앞에 없습니다.
  (소스 파일 '/Private/Player_Manager.cpp'을(를) 컴파일하는 중)
  
D:\1. GameProject\DirectX11_Practice2D\Client\Private\Player_Manager.cpp(4,1): error C2447: '{': 함수 헤더가 없습니다. 이전 스타일의 형식 목록입니까?
  (소스 파일 '/Private/Player_Manager.cpp'을(를) 컴파일하는 중)
  
D:\1. GameProject\DirectX11_Practice2D\Client\Private\Player_Manager.cpp(6,1): error C2825: 'CCPlayer_Manager': '::'가 뒤에 나오면 클래스 또는 네임스페이스여야 합니다.
  (소스 파일 '/Private/Player_Manager.cpp'을(를) 컴파일하는 중)
  
D:\1. GameProject\DirectX11_Practice2D\Client\Private\Player_Manager.cpp(6,19): error C2510: 'CCPlayer_Manager': '::' 왼쪽은 클래스/구조체/공용 구조체이어야 합니다.
  (소스 파일 '/Private/Player_Manager.cpp'을(를) 컴파일하는 중)
  
D:\1. GameProject\DirectX11_Practice2D\Client\Private\Player_Manager.cpp(6,19): error C4430: 형식 지정자가 없습니다. int로 가정합니다. 참고: C++에서는 기본 int를 지원하지 않습니다.
  (소스 파일 '/Private/Player_Manager.cpp'을(를) 컴파일하는 중)
  
D:\1. GameProject\DirectX11_Practice2D\Client\Private\Player_Manager.cpp(6,19): error C2365: 'CCPlayer_Manager': 재정의: 이전 정의는 '데이터 변수'입니다.
  (소스 파일 '/Private/Player_Manager.cpp'을(를) 컴파일하는 중)
      D:\1. GameProject\DirectX11_Practice2D\Client\Private\Player_Manager.cpp(4,1):
      'CCPlayer_Manager' 선언을 참조하십시오.
  
D:\1. GameProject\DirectX11_Practice2D\Client\Private\Player_Manager.cpp(8,1): error C2550: 'CCPlayer_Manager': 생성자 이니셜라이저 목록은 생성자 정의에만 사용할 수 있습니다.
  (소스 파일 '/Private/Player_Manager.cpp'을(를) 컴파일하는 중)
  
D:\1. GameProject\DirectX11_Practice2D\Client\Private\Player_Manager.cpp(11,1): error C2825: 'CCPlayer_Manager': '::'가 뒤에 나오면 클래스 또는 네임스페이스여야 합니다.
  (소스 파일 '/Private/Player_Manager.cpp'을(를) 컴파일하는 중)
  
D:\1. GameProject\DirectX11_Practice2D\Client\Private\Player_Manager.cpp(11,20): error C2510: 'CCPlayer_Manager': '::' 왼쪽은 클래스/구조체/공용 구조체이어야 합니다.
  (소스 파일 '/Private/Player_Manager.cpp'을(를) 컴파일하는 중)
  
D:\1. GameProject\DirectX11_Practice2D\Client\Private\Player_Manager.cpp(11,20): error C4430: 형식 지정자가 없습니다. int로 가정합니다. 참고: C++에서는 기본 int를 지원하지 않습니다.
  (소스 파일 '/Private/Player_Manager.cpp'을(를) 컴파일하는 중)
  
D:\1. GameProject\DirectX11_Practice2D\Client\Private\Player_Manager.cpp(13,1): warning C4508: '{dtor}': 함수는 값을 반환해야 하므로 'void' 반환 형식으로 간주됩니다.
  (소스 파일 '/Private/Player_Manager.cpp'을(를) 컴파일하는 중)
  
D:\1. GameProject\DirectX11_Practice2D\Client\Private\Player_Manager.cpp(15,6): error C2825: 'CCPlayer_Manager': '::'가 뒤에 나오면 클래스 또는 네임스페이스여야 합니다.
  (소스 파일 '/Private/Player_Manager.cpp'을(를) 컴파일하는 중)
  
D:\1. GameProject\DirectX11_Practice2D\Client\Private\Player_Manager.cpp(15,24): error C2510: 'CCPlayer_Manager': '::' 왼쪽은 클래스/구조체/공용 구조체이어야 합니다.
  (소스 파일 '/Private/Player_Manager.cpp'을(를) 컴파일하는 중)
  
D:\1. GameProject\DirectX11_Practice2D\Client\Private\Player_Manager.cpp(17,5): error C2790: 'super': 이 키워드는 클래스 멤버 함수의 본문 안에서만 사용할 수 있습니다.
  (소스 파일 '/Private/Player_Manager.cpp'을(를) 컴파일하는 중)
  
  코드를 생성하고 있습니다...
  컴파일하고 있습니다...
  RotationCmd.cpp
D:\1. GameProject\DirectX11_Practice2D\Client\Private\RotationCmd.cpp(3,10): error C1083: 포함 파일을 열 수 없습니다. 'PlayerInfo.h': No such file or directory
  (소스 파일 '/Private/RotationCmd.cpp'을(를) 컴파일하는 중)
  
  FileLoader.cpp
D:\1. GameProject\DirectX11_Practice2D\Client\Private\FileLoader.cpp(147,39): warning C4018: '<=': signed 또는 unsigned가 일치하지 않습니다.
  (소스 파일 '/Private/FileLoader.cpp'을(를) 컴파일하는 중)
  
D:\1. GameProject\DirectX11_Practice2D\Client\Private\FileLoader.cpp(150,20): warning C4244: '초기화 중': 'double'에서 'int'(으)로 변환하면서 데이터가 손실될 수 있습니다.
  (소스 파일 '/Private/FileLoader.cpp'을(를) 컴파일하는 중)
  
D:\1. GameProject\DirectX11_Practice2D\Client\Private\FileLoader.cpp(135,19): warning C4101: 'tObjectTransform' :참조되지 않은 지역 변수입니다.
  (소스 파일 '/Private/FileLoader.cpp'을(를) 컴파일하는 중)
  
D:\1. GameProject\DirectX11_Practice2D\Client\Private\FileLoader.cpp(202,39): warning C4018: '<=': signed 또는 unsigned가 일치하지 않습니다.
  (소스 파일 '/Private/FileLoader.cpp'을(를) 컴파일하는 중)
  
D:\1. GameProject\DirectX11_Practice2D\Client\Private\FileLoader.cpp(205,43): warning C4244: '초기화 중': 'double'에서 'int'(으)로 변환하면서 데이터가 손실될 수 있습니다.
  (소스 파일 '/Private/FileLoader.cpp'을(를) 컴파일하는 중)
  
D:\1. GameProject\DirectX11_Practice2D\Client\Private\FileLoader.cpp(205,26): warning C4244: '초기화 중': 'double'에서 'const int'(으)로 변환하면서 데이터가 손실될 수 있습니다.
  (소스 파일 '/Private/FileLoader.cpp'을(를) 컴파일하는 중)
  
D:\1. GameProject\DirectX11_Practice2D\Client\Private\FileLoader.cpp(215,40): warning C4244: '=': 'double'에서 'float'(으)로 변환하면서 데이터가 손실될 수 있습니다.
  (소스 파일 '/Private/FileLoader.cpp'을(를) 컴파일하는 중)
  
D:\1. GameProject\DirectX11_Practice2D\Client\Private\FileLoader.cpp(216,40): warning C4244: '=': 'double'에서 'float'(으)로 변환하면서 데이터가 손실될 수 있습니다.
  (소스 파일 '/Private/FileLoader.cpp'을(를) 컴파일하는 중)
  
D:\1. GameProject\DirectX11_Practice2D\Client\Private\FileLoader.cpp(217,34): warning C4244: '=': 'double'에서 'float'(으)로 변환하면서 데이터가 손실될 수 있습니다.
  (소스 파일 '/Private/FileLoader.cpp'을(를) 컴파일하는 중)
  
D:\1. GameProject\DirectX11_Practice2D\Client\Private\FileLoader.cpp(218,34): warning C4244: '=': 'double'에서 'float'(으)로 변환하면서 데이터가 손실될 수 있습니다.
  (소스 파일 '/Private/FileLoader.cpp'을(를) 컴파일하는 중)
  
D:\1. GameProject\DirectX11_Practice2D\Client\Private\FileLoader.cpp(219,44): warning C4244: '=': 'double'에서 'float'(으)로 변환하면서 데이터가 손실될 수 있습니다.
  (소스 파일 '/Private/FileLoader.cpp'을(를) 컴파일하는 중)
  
D:\1. GameProject\DirectX11_Practice2D\Client\Private\FileLoader.cpp(220,44): warning C4244: '=': 'double'에서 'float'(으)로 변환하면서 데이터가 손실될 수 있습니다.
  (소스 파일 '/Private/FileLoader.cpp'을(를) 컴파일하는 중)
  
D:\1. GameProject\DirectX11_Practice2D\Client\Private\FileLoader.cpp(221,44): warning C4244: '=': 'double'에서 'float'(으)로 변환하면서 데이터가 손실될 수 있습니다.
  (소스 파일 '/Private/FileLoader.cpp'을(를) 컴파일하는 중)
  
D:\1. GameProject\DirectX11_Practice2D\Client\Private\FileLoader.cpp(222,44): warning C4244: '=': 'double'에서 'float'(으)로 변환하면서 데이터가 손실될 수 있습니다.
  (소스 파일 '/Private/FileLoader.cpp'을(를) 컴파일하는 중)
  
D:\1. GameProject\DirectX11_Practice2D\Client\Private\FileLoader.cpp(255,39): warning C4018: '<=': signed 또는 unsigned가 일치하지 않습니다.
  (소스 파일 '/Private/FileLoader.cpp'을(를) 컴파일하는 중)
  
D:\1. GameProject\DirectX11_Practice2D\Client\Private\FileLoader.cpp(258,48): warning C4244: '=': 'double'에서 'Engine::_uint'(으)로 변환하면서 데이터가 손실될 수 있습니다.
  (소스 파일 '/Private/FileLoader.cpp'을(를) 컴파일하는 중)
  
D:\1. GameProject\DirectX11_Practice2D\Client\Private\FileLoader.cpp(268,43): warning C4244: '=': 'double'에서 'Engine::_uint'(으)로 변환하면서 데이터가 손실될 수 있습니다.
  (소스 파일 '/Private/FileLoader.cpp'을(를) 컴파일하는 중)
  
D:\1. GameProject\DirectX11_Practice2D\Client\Private\FileLoader.cpp(269,50): warning C4244: '=': 'double'에서 'Engine::_uint'(으)로 변환하면서 데이터가 손실될 수 있습니다.
  (소스 파일 '/Private/FileLoader.cpp'을(를) 컴파일하는 중)
  
D:\1. GameProject\DirectX11_Practice2D\Client\Private\FileLoader.cpp(270,44): warning C4244: '=': 'double'에서 'float'(으)로 변환하면서 데이터가 손실될 수 있습니다.
  (소스 파일 '/Private/FileLoader.cpp'을(를) 컴파일하는 중)
  
D:\1. GameProject\DirectX11_Practice2D\Client\Private\FileLoader.cpp(271,44): warning C4244: '=': 'double'에서 'float'(으)로 변환하면서 데이터가 손실될 수 있습니다.
  (소스 파일 '/Private/FileLoader.cpp'을(를) 컴파일하는 중)
  
D:\1. GameProject\DirectX11_Practice2D\Client\Private\FileLoader.cpp(272,46): warning C4244: '=': 'double'에서 'float'(으)로 변환하면서 데이터가 손실될 수 있습니다.
  (소스 파일 '/Private/FileLoader.cpp'을(를) 컴파일하는 중)
  
D:\1. GameProject\DirectX11_Practice2D\Client\Private\FileLoader.cpp(273,46): warning C4244: '=': 'double'에서 'float'(으)로 변환하면서 데이터가 손실될 수 있습니다.
  (소스 파일 '/Private/FileLoader.cpp'을(를) 컴파일하는 중)
  
D:\1. GameProject\DirectX11_Practice2D\Client\Private\FileLoader.cpp(274,48): warning C4244: '=': 'double'에서 'float'(으)로 변환하면서 데이터가 손실될 수 있습니다.
  (소스 파일 '/Private/FileLoader.cpp'을(를) 컴파일하는 중)
  
D:\1. GameProject\DirectX11_Practice2D\Client\Private\FileLoader.cpp(275,48): warning C4244: '=': 'double'에서 'float'(으)로 변환하면서 데이터가 손실될 수 있습니다.
  (소스 파일 '/Private/FileLoader.cpp'을(를) 컴파일하는 중)
  
D:\1. GameProject\DirectX11_Practice2D\Client\Private\FileLoader.cpp(320,37): warning C4018: '<=': signed 또는 unsigned가 일치하지 않습니다.
  (소스 파일 '/Private/FileLoader.cpp'을(를) 컴파일하는 중)
  
D:\1. GameProject\DirectX11_Practice2D\Client\Private\FileLoader.cpp(335,52): warning C4244: '=': 'double'에서 'int'(으)로 변환하면서 데이터가 손실될 수 있습니다.
  (소스 파일 '/Private/FileLoader.cpp'을(를) 컴파일하는 중)
  
D:\1. GameProject\DirectX11_Practice2D\Client\Private\FileLoader.cpp(336,55): warning C4244: '=': 'double'에서 'int'(으)로 변환하면서 데이터가 손실될 수 있습니다.
  (소스 파일 '/Private/FileLoader.cpp'을(를) 컴파일하는 중)
  
D:\1. GameProject\DirectX11_Practice2D\Client\Private\FileLoader.cpp(337,53): warning C4244: '=': 'double'에서 'int'(으)로 변환하면서 데이터가 손실될 수 있습니다.
  (소스 파일 '/Private/FileLoader.cpp'을(를) 컴파일하는 중)
  
D:\1. GameProject\DirectX11_Practice2D\Client\Private\FileLoader.cpp(338,56): warning C4244: '=': 'double'에서 'int'(으)로 변환하면서 데이터가 손실될 수 있습니다.
  (소스 파일 '/Private/FileLoader.cpp'을(를) 컴파일하는 중)
  
D:\1. GameProject\DirectX11_Practice2D\Client\Private\FileLoader.cpp(340,37): warning C4244: '=': 'double'에서 'int'(으)로 변환하면서 데이터가 손실될 수 있습니다.
  (소스 파일 '/Private/FileLoader.cpp'을(를) 컴파일하는 중)
  
D:\1. GameProject\DirectX11_Practice2D\Client\Private\FileLoader.cpp(306,17): warning C4101: 'tComponentInfo' :참조되지 않은 지역 변수입니다.
  (소스 파일 '/Private/FileLoader.cpp'을(를) 컴파일하는 중)
  
D:\1. GameProject\DirectX11_Practice2D\Client\Private\FileLoader.cpp(466,27): error C2065: 'PLAYER_INFO': 선언되지 않은 식별자입니다.
  (소스 파일 '/Private/FileLoader.cpp'을(를) 컴파일하는 중)
  
D:\1. GameProject\DirectX11_Practice2D\Client\Private\FileLoader.cpp(466,7): error C2923: 'std::pair': 'PLAYER_INFO'은(는) '_Ty2' 매개 변수에 대한 올바른 템플릿 형식 인수가 아닙니다.
  (소스 파일 '/Private/FileLoader.cpp'을(를) 컴파일하는 중)
      D:\1. GameProject\DirectX11_Practice2D\Client\Private\FileLoader.cpp(466,27):
      'PLAYER_INFO' 선언을 참조하십시오.
  
D:\1. GameProject\DirectX11_Practice2D\Client\Private\FileLoader.cpp(466,60): error C2514: 'std::pair': 클래스 템플릿을 생성할 수 없습니다.
  (소스 파일 '/Private/FileLoader.cpp'을(를) 컴파일하는 중)
      C:\Program Files\Microsoft Visual Studio\2022\Community\VC\Tools\MSVC\14.41.34120\include\utility(219,8):
      'std::pair' 선언을 참조하십시오.
  
D:\1. GameProject\DirectX11_Practice2D\Client\Private\FileLoader.cpp(469,3): error C2065: 'PLAYER_INFO': 선언되지 않은 식별자입니다.
  (소스 파일 '/Private/FileLoader.cpp'을(를) 컴파일하는 중)
  
D:\1. GameProject\DirectX11_Practice2D\Client\Private\FileLoader.cpp(469,15): error C2146: 구문 오류: ';'이(가) 'tPlayerInfo' 식별자 앞에 없습니다.
  (소스 파일 '/Private/FileLoader.cpp'을(를) 컴파일하는 중)
  
D:\1. GameProject\DirectX11_Practice2D\Client\Private\FileLoader.cpp(469,15): error C2065: 'tPlayerInfo': 선언되지 않은 식별자입니다.
  (소스 파일 '/Private/FileLoader.cpp'을(를) 컴파일하는 중)
  
D:\1. GameProject\DirectX11_Practice2D\Client\Private\FileLoader.cpp(470,21): error C2065: 'tPlayerInfo': 선언되지 않은 식별자입니다.
  (소스 파일 '/Private/FileLoader.cpp'을(를) 컴파일하는 중)
  
D:\1. GameProject\DirectX11_Practice2D\Client\Private\FileLoader.cpp(470,3): error C2672: 'Engine::Safe_Delete_Array': 일치하는 오버로드된 함수가 없습니다.
  (소스 파일 '/Private/FileLoader.cpp'을(를) 컴파일하는 중)
      D:\1. GameProject\DirectX11_Practice2D\Reference\Headers\Engine_Function.h(37,7):
      'void Engine::Safe_Delete_Array(T &)'일 수 있습니다.
  
D:\1. GameProject\DirectX11_Practice2D\Client\Private\FileLoader.cpp(471,21): error C2065: 'tPlayerInfo': 선언되지 않은 식별자입니다.
  (소스 파일 '/Private/FileLoader.cpp'을(를) 컴파일하는 중)
  
D:\1. GameProject\DirectX11_Practice2D\Client\Private\FileLoader.cpp(471,3): error C2672: 'Engine::Safe_Delete_Array': 일치하는 오버로드된 함수가 없습니다.
  (소스 파일 '/Private/FileLoader.cpp'을(를) 컴파일하는 중)
      D:\1. GameProject\DirectX11_Practice2D\Reference\Headers\Engine_Function.h(37,7):
      'void Engine::Safe_Delete_Array(T &)'일 수 있습니다.
  
D:\1. GameProject\DirectX11_Practice2D\Client\Private\FileLoader.cpp(472,21): error C2065: 'tPlayerInfo': 선언되지 않은 식별자입니다.
  (소스 파일 '/Private/FileLoader.cpp'을(를) 컴파일하는 중)
  
D:\1. GameProject\DirectX11_Practice2D\Client\Private\FileLoader.cpp(472,3): error C2672: 'Engine::Safe_Delete_Array': 일치하는 오버로드된 함수가 없습니다.
  (소스 파일 '/Private/FileLoader.cpp'을(를) 컴파일하는 중)
      D:\1. GameProject\DirectX11_Practice2D\Reference\Headers\Engine_Function.h(37,7):
      'void Engine::Safe_Delete_Array(T &)'일 수 있습니다.
  
D:\1. GameProject\DirectX11_Practice2D\Client\Private\FileLoader.cpp(473,21): error C2065: 'tPlayerInfo': 선언되지 않은 식별자입니다.
  (소스 파일 '/Private/FileLoader.cpp'을(를) 컴파일하는 중)
  
D:\1. GameProject\DirectX11_Practice2D\Client\Private\FileLoader.cpp(473,3): error C2672: 'Engine::Safe_Delete_Array': 일치하는 오버로드된 함수가 없습니다.
  (소스 파일 '/Private/FileLoader.cpp'을(를) 컴파일하는 중)
      D:\1. GameProject\DirectX11_Practice2D\Reference\Headers\Engine_Function.h(37,7):
      'void Engine::Safe_Delete_Array(T &)'일 수 있습니다.
  
D:\1. GameProject\DirectX11_Practice2D\Client\Private\FileLoader.cpp(474,21): error C2065: 'tPlayerInfo': 선언되지 않은 식별자입니다.
  (소스 파일 '/Private/FileLoader.cpp'을(를) 컴파일하는 중)
  
D:\1. GameProject\DirectX11_Practice2D\Client\Private\FileLoader.cpp(474,3): error C2672: 'Engine::Safe_Delete_Array': 일치하는 오버로드된 함수가 없습니다.
  (소스 파일 '/Private/FileLoader.cpp'을(를) 컴파일하는 중)
      D:\1. GameProject\DirectX11_Practice2D\Reference\Headers\Engine_Function.h(37,7):
      'void Engine::Safe_Delete_Array(T &)'일 수 있습니다.
  
D:\1. GameProject\DirectX11_Practice2D\Client\Private\FileLoader.cpp(475,21): error C2065: 'tPlayerInfo': 선언되지 않은 식별자입니다.
  (소스 파일 '/Private/FileLoader.cpp'을(를) 컴파일하는 중)
  
D:\1. GameProject\DirectX11_Practice2D\Client\Private\FileLoader.cpp(475,3): error C2672: 'Engine::Safe_Delete_Array': 일치하는 오버로드된 함수가 없습니다.
  (소스 파일 '/Private/FileLoader.cpp'을(를) 컴파일하는 중)
      D:\1. GameProject\DirectX11_Practice2D\Reference\Headers\Engine_Function.h(37,7):
      'void Engine::Safe_Delete_Array(T &)'일 수 있습니다.
  
  Tile.cpp
  WaterSkul.cpp
  Client.cpp
  SpriteObject.cpp
  코드를 생성하고 있습니다...
