d:\burger\133\framework\client\default\x64\debug\client.pch
d:\burger\133\framework\client\default\x64\debug\vc140.pdb
d:\burger\133\framework\client\default\x64\debug\vc140.idb
d:\burger\133\framework\client\default\x64\debug\stdafx.obj
d:\burger\133\framework\client\default\x64\debug\background.obj
d:\burger\133\framework\client\default\x64\debug\camera_dynamic.obj
d:\burger\133\framework\client\default\x64\debug\effect_blue.obj
d:\burger\133\framework\client\default\x64\debug\effect_red.obj
d:\burger\133\framework\client\default\x64\debug\explosion.obj
d:\burger\133\framework\client\default\x64\debug\forklift.obj
d:\burger\133\framework\client\default\x64\debug\level_gameplay.obj
d:\burger\133\framework\client\default\x64\debug\level_loading.obj
d:\burger\133\framework\client\default\x64\debug\level_logo.obj
d:\burger\133\framework\client\default\x64\debug\loader.obj
d:\burger\133\framework\client\default\x64\debug\mainapp.obj
d:\burger\133\framework\client\default\x64\debug\monster.obj
d:\burger\133\framework\client\default\x64\debug\player.obj
d:\burger\133\framework\client\default\x64\debug\sky.obj
d:\burger\133\framework\client\default\x64\debug\terrain.obj
d:\burger\133\framework\client\default\x64\debug\weapon.obj
d:\burger\133\framework\client\default\x64\debug\client.obj
d:\burger\133\framework\client\bin\shader_vtxanimmodel.cso
d:\burger\133\framework\client\bin\shader_vtxcube.cso
d:\burger\133\framework\client\bin\shader_vtxinstance.cso
d:\burger\133\framework\client\bin\shader_vtxmodel.cso
d:\burger\133\framework\client\bin\shader_vtxnortex.cso
d:\burger\133\framework\client\bin\shader_vtxpointinstance.cso
d:\burger\133\framework\client\bin\shader_vtxtex.cso
d:\burger\133\framework\client\bin\client.ilk
d:\burger\133\framework\client\bin\client.exe
d:\burger\133\framework\client\bin\client.pdb
d:\burger\133\framework\client\default\x64\debug\client.res
d:\burger\133\framework\client\default\..\bin\client.exe
d:\burger\133\framework\client\default\x64\debug\client.tlog\cl.command.1.tlog
d:\burger\133\framework\client\default\x64\debug\client.tlog\cl.read.1.tlog
d:\burger\133\framework\client\default\x64\debug\client.tlog\cl.write.1.tlog
d:\burger\133\framework\client\default\x64\debug\client.tlog\client.write.1u.tlog
d:\burger\133\framework\client\default\x64\debug\client.tlog\fxc.command.1.tlog
d:\burger\133\framework\client\default\x64\debug\client.tlog\fxc.read.1.tlog
d:\burger\133\framework\client\default\x64\debug\client.tlog\fxc.write.1.tlog
d:\burger\133\framework\client\default\x64\debug\client.tlog\link.command.1.tlog
d:\burger\133\framework\client\default\x64\debug\client.tlog\link.read.1.tlog
d:\burger\133\framework\client\default\x64\debug\client.tlog\link.write.1.tlog
d:\burger\133\framework\client\default\x64\debug\client.tlog\rc.command.1.tlog
d:\burger\133\framework\client\default\x64\debug\client.tlog\rc.read.1.tlog
d:\burger\133\framework\client\default\x64\debug\client.tlog\rc.write.1.tlog
