c:\users\admin\documents\github\directx11_practice2d\engine\default\x64\debug\vc142.pdb
c:\users\admin\documents\github\directx11_practice2d\engine\default\x64\debug\vc142.idb
c:\users\admin\documents\github\directx11_practice2d\engine\default\x64\debug\light_manager.obj
c:\users\admin\documents\github\directx11_practice2d\engine\default\x64\debug\light.obj
c:\users\admin\documents\github\directx11_practice2d\engine\default\x64\debug\level_manager.obj
c:\users\admin\documents\github\directx11_practice2d\engine\default\x64\debug\level.obj
c:\users\admin\documents\github\directx11_practice2d\engine\default\x64\debug\layer.obj
c:\users\admin\documents\github\directx11_practice2d\engine\default\x64\debug\input_device.obj
c:\users\admin\documents\github\directx11_practice2d\engine\default\x64\debug\graphic_device.obj
c:\users\admin\documents\github\directx11_practice2d\engine\default\x64\debug\gameobject.obj
c:\users\admin\documents\github\directx11_practice2d\engine\default\x64\debug\gameinstance.obj
c:\users\admin\documents\github\directx11_practice2d\engine\default\x64\debug\frustum.obj
c:\users\admin\documents\github\directx11_practice2d\engine\default\x64\debug\font_manager.obj
c:\users\admin\documents\github\directx11_practice2d\engine\default\x64\debug\dinput_manager.obj
c:\users\admin\documents\github\directx11_practice2d\engine\default\x64\debug\debugdraw.obj
c:\users\admin\documents\github\directx11_practice2d\engine\default\x64\debug\customfont.obj
c:\users\admin\documents\github\directx11_practice2d\engine\default\x64\debug\component_manager.obj
c:\users\admin\documents\github\directx11_practice2d\engine\default\x64\debug\component.obj
c:\users\admin\documents\github\directx11_practice2d\engine\default\x64\debug\collider.obj
c:\users\admin\documents\github\directx11_practice2d\engine\default\x64\debug\camera.obj
c:\users\admin\documents\github\directx11_practice2d\engine\default\x64\debug\blendobject.obj
c:\users\admin\documents\github\directx11_practice2d\engine\default\x64\debug\base.obj
c:\users\admin\documents\github\directx11_practice2d\engine\default\x64\debug\engine_struct.obj
c:\users\admin\documents\github\directx11_practice2d\engine\default\x64\debug\vibuffer_rect.obj
c:\users\admin\documents\github\directx11_practice2d\engine\default\x64\debug\vibuffer_cube.obj
c:\users\admin\documents\github\directx11_practice2d\engine\default\x64\debug\vibuffer_cell.obj
c:\users\admin\documents\github\directx11_practice2d\engine\default\x64\debug\vibuffer.obj
c:\users\admin\documents\github\directx11_practice2d\engine\default\x64\debug\utility.obj
c:\users\admin\documents\github\directx11_practice2d\engine\default\x64\debug\transform.obj
c:\users\admin\documents\github\directx11_practice2d\engine\default\x64\debug\timer_manager.obj
c:\users\admin\documents\github\directx11_practice2d\engine\default\x64\debug\timer.obj
c:\users\admin\documents\github\directx11_practice2d\engine\default\x64\debug\texture.obj
c:\users\admin\documents\github\directx11_practice2d\engine\default\x64\debug\target_manager.obj
c:\users\admin\documents\github\directx11_practice2d\engine\default\x64\debug\shader.obj
c:\users\admin\documents\github\directx11_practice2d\engine\default\x64\debug\rendertarget.obj
c:\users\admin\documents\github\directx11_practice2d\engine\default\x64\debug\renderer.obj
c:\users\admin\documents\github\directx11_practice2d\engine\default\x64\debug\pipeline.obj
c:\users\admin\documents\github\directx11_practice2d\engine\default\x64\debug\object_manager.obj
c:\users\admin\documents\github\directx11_practice2d\engine\bin\engine.lib
c:\users\admin\documents\github\directx11_practice2d\engine\bin\engine.exp
c:\users\admin\documents\github\directx11_practice2d\engine\bin\shader_deferred.cso
c:\users\admin\documents\github\directx11_practice2d\engine\bin\engine.dll
c:\users\admin\documents\github\directx11_practice2d\engine\default\x64\debug\engine.ilk
c:\users\admin\documents\github\directx11_practice2d\engine\bin\engine.pdb
c:\users\admin\documents\github\directx11_practice2d\engine\default\x64\debug\engine.tlog\cl.command.1.tlog
c:\users\admin\documents\github\directx11_practice2d\engine\default\x64\debug\engine.tlog\cl.read.1.tlog
c:\users\admin\documents\github\directx11_practice2d\engine\default\x64\debug\engine.tlog\cl.write.1.tlog
c:\users\admin\documents\github\directx11_practice2d\engine\default\x64\debug\engine.tlog\engine.write.1u.tlog
c:\users\admin\documents\github\directx11_practice2d\engine\default\x64\debug\engine.tlog\fxc.command.1.tlog
c:\users\admin\documents\github\directx11_practice2d\engine\default\x64\debug\engine.tlog\fxc.read.1.tlog
c:\users\admin\documents\github\directx11_practice2d\engine\default\x64\debug\engine.tlog\fxc.write.1.tlog
c:\users\admin\documents\github\directx11_practice2d\engine\default\x64\debug\engine.tlog\link.command.1.tlog
c:\users\admin\documents\github\directx11_practice2d\engine\default\x64\debug\engine.tlog\link.read.1.tlog
c:\users\admin\documents\github\directx11_practice2d\engine\default\x64\debug\engine.tlog\link.write.1.tlog
